[15:32:37] [main/INFO]: Loading Minecraft 1.21.1 with Fabric Loader 0.18.2
[15:32:38] [main/INFO]: Loading 45 mods:
	- fabric-api 0.109.0+1.21.1
	   |-- fabric-api-base 0.4.42+6573ed8c19
	   |-- fabric-api-lookup-api-v1 1.6.70+b559734419
	   |-- fabric-biome-api-v1 13.0.30+be1ed2d719
	   |-- fabric-block-api-v1 1.0.22+0af3f5a719
	   |-- fabric-block-view-api-v2 1.0.10+6573ed8c19
	   |-- fabric-blockrenderlayer-v1 1.1.52+0af3f5a719
	   |-- fabric-client-tags-api-v1 1.1.15+6573ed8c19
	   |-- fabric-command-api-v1 1.2.49+f71b366f19
	   |-- fabric-command-api-v2 2.2.28+6ced4dd919
	   |-- fabric-commands-v0 0.2.66+df3654b319
	   |-- fabric-content-registries-v0 8.0.18+b559734419
	   |-- fabric-convention-tags-v1 2.1.2+7f945d5b19
	   |-- fabric-convention-tags-v2 2.9.2+e60e56d419
	   |-- fabric-crash-report-info-v1 0.2.29+0af3f5a719
	   |-- fabric-data-attachment-api-v1 1.4.0+da19b51a19
	   |-- fabric-data-generation-api-v1 20.2.23+16c4ae2519
	   |-- fabric-dimensions-v1 4.0.0+6fc22b9919
	   |-- fabric-entity-events-v1 1.7.0+2122d82819
	   |-- fabric-events-interaction-v0 0.7.13+ba9dae0619
	   |-- fabric-game-rule-api-v1 1.0.53+6ced4dd919
	   |-- fabric-item-api-v1 11.1.1+d5debaed19
	   |-- fabric-item-group-api-v1 4.1.6+6823f7cd19
	   |-- fabric-key-binding-api-v1 1.0.47+0af3f5a719
	   |-- fabric-keybindings-v0 0.2.45+df3654b319
	   |-- fabric-lifecycle-events-v1 2.5.0+01d9a51c19
	   |-- fabric-loot-api-v2 3.0.15+3f89f5a519
	   |-- fabric-loot-api-v3 1.0.3+3f89f5a519
	   |-- fabric-message-api-v1 6.0.13+6573ed8c19
	   |-- fabric-model-loading-api-v1 2.0.0+fe474d6b19
	   |-- fabric-networking-api-v1 4.3.0+c7469b2119
	   |-- fabric-object-builder-api-v1 15.2.1+40875a9319
	   |-- fabric-particles-v1 4.0.2+6573ed8c19
	   |-- fabric-recipe-api-v1 5.0.13+6508971219
	   |-- fabric-registry-sync-v0 5.1.3+60c3209b19
	   |-- fabric-renderer-api-v1 3.4.0+c705a49c19
	   |-- fabric-renderer-indigo 1.7.0+c705a49c19
	   |-- fabric-renderer-registries-v1 3.2.68+df3654b319
	   |-- fabric-rendering-data-attachment-v1 0.3.48+73761d2e19
	   |-- fabric-rendering-fluids-v1 3.1.6+1daea21519
	   |-- fabric-rendering-v0 1.1.71+df3654b319
	   |-- fabric-rendering-v1 5.0.5+df16efd019
	   |-- fabric-resource-conditions-api-v1 4.3.0+8dc279b119
	   |-- fabric-resource-loader-v0 1.3.1+5b5275af19
	   |-- fabric-screen-api-v1 2.0.25+8b68f1c719
	   |-- fabric-screen-handler-api-v1 1.3.87+b559734419
	   |-- fabric-sound-api-v1 1.0.23+6573ed8c19
	   |-- fabric-transfer-api-v1 5.4.2+95bead5f19
	   \-- fabric-transitive-access-wideners-v1 6.1.0+1daea21519
	- fabricloader 0.18.2
	   \-- mixinextras 0.5.0
	- java 21
	- minecraft 1.21.1
	- veinminermod 3.0.3+mc1.21.1
	   |-- com_electronwill_night-config_core 3.8.0
	   |-- com_electronwill_night-config_toml 3.8.0
	   \-- com_google_code_gson_gson 2.11.0
[15:32:38] [main/INFO]: SpongePowered MIXIN Subsystem Version=0.8.7 Source=file:/workspaces/server-minecraft/servidor_minecraft/libraries/net/fabricmc/sponge-mixin/0.16.5+mixin.0.8.7/sponge-mixin-0.16.5+mixin.0.8.7.jar Service=Knot/Fabric Env=SERVER
[15:32:39] [main/INFO]: Compatibility level set to JAVA_17
[15:32:39] [main/INFO]: Compatibility level set to JAVA_21
[15:32:40] [main/INFO]: Initializing MixinExtras via com.llamalad7.mixinextras.service.MixinExtrasServiceImpl(version=0.5.0).
[15:32:50] [main/INFO]: [Veinminer] Starting Veinminer (id=veinminermod)
[15:32:50] [main/INFO]: [Veinminer] Loaded player preference data for 0 players
[15:32:50] [main/INFO]: [Veinminer] Initialised worker pool with 4 threads
[15:32:50] [main/INFO]: [Veinminer] LuckPerms integration disabled
[15:32:50] [main/INFO]: [Veinminer] Veinminer initialisation completed
[15:32:50] [main/INFO]: Environment: Environment[sessionHost=https://sessionserver.mojang.com, servicesHost=https://api.minecraftservices.com, name=PROD]
[15:32:51] [main/INFO]: Found new data pack fabric, loading it automatically
[15:32:51] [main/INFO]: Found new data pack fabric-convention-tags-v2, loading it automatically
[15:32:53] [main/INFO]: No existing world data, creating new world
[15:32:54] [main/INFO]: Loaded 1290 recipes
[15:32:54] [main/INFO]: Loaded 1399 advancements
[15:32:55] [main/INFO]: Applied 0 biome modifications to 0 of 64 new biomes in 3.830 ms
[15:32:55] [Server thread/INFO]: Starting minecraft server version 1.21.1
[15:32:55] [Server thread/INFO]: Loading properties
[15:32:55] [Server thread/INFO]: Default game type: SURVIVAL
[15:32:55] [Server thread/INFO]: Generating keypair
[15:32:55] [Server thread/INFO]: Starting Minecraft server on *:25565
[15:32:55] [Server thread/INFO]: Using epoll channel type
[15:32:55] [Server thread/INFO]: Preparing level "world"
[15:33:08] [Server thread/INFO]: Preparing start region for dimension minecraft:overworld
[15:33:08] [Worker-Main-1/INFO]: Preparing spawn area: 2%
[15:33:09] [Worker-Main-1/INFO]: Preparing spawn area: 2%
[15:33:09] [Worker-Main-1/INFO]: Preparing spawn area: 2%
[15:33:09] [Worker-Main-1/INFO]: Preparing spawn area: 2%
[15:33:10] [Worker-Main-1/INFO]: Preparing spawn area: 2%
[15:33:10] [Worker-Main-1/INFO]: Preparing spawn area: 2%
[15:33:11] [Worker-Main-1/INFO]: Preparing spawn area: 2%
[15:33:11] [Worker-Main-1/INFO]: Preparing spawn area: 2%
[15:33:12] [Worker-Main-1/INFO]: Preparing spawn area: 2%
[15:33:12] [Worker-Main-1/INFO]: Preparing spawn area: 2%
[15:33:13] [Worker-Main-1/INFO]: Preparing spawn area: 2%
[15:33:13] [Worker-Main-1/INFO]: Preparing spawn area: 2%
[15:33:14] [Worker-Main-1/INFO]: Preparing spawn area: 2%
[15:33:14] [Worker-Main-1/INFO]: Preparing spawn area: 2%
[15:33:15] [Worker-Main-1/INFO]: Preparing spawn area: 2%
[15:33:15] [Worker-Main-1/INFO]: Preparing spawn area: 2%
[15:33:16] [Worker-Main-1/INFO]: Preparing spawn area: 2%
[15:33:16] [Worker-Main-1/INFO]: Preparing spawn area: 2%
[15:33:17] [Worker-Main-1/INFO]: Preparing spawn area: 2%
[15:33:17] [Worker-Main-1/INFO]: Preparing spawn area: 2%
[15:33:18] [Worker-Main-1/INFO]: Preparing spawn area: 2%
[15:33:19] [Server thread/INFO]: Time elapsed: 11112 ms
[15:33:19] [Server thread/INFO]: Done (23.806s)! For help, type "help"
[15:33:19] [Server thread/INFO]: [Veinminer] LuckPerms integration disabled
[15:34:52] [Server thread/INFO]: Reloading!
[15:34:52] [Server thread/WARN]: Non [a-z0-9_.-] character in namespace TreeCapitator.v4.1.1 in pack ./world/datapacks/TreeCapitator.v4.1.1, ignoring
[15:34:52] [Server thread/WARN]: Non [a-z0-9_.-] character in namespace TreeCapitator.v4.1.1 in pack ./world/datapacks/TreeCapitator.v4.1.1, ignoring
[15:34:53] [Server thread/INFO]: Loaded 1290 recipes
[15:34:53] [Server thread/INFO]: Loaded 1399 advancements
[15:42:49] [User Authenticator #1/INFO]: UUID of player jul1ansc is 9a99325e-ca1a-4ae8-a7ba-84b39f8d2a09
[15:42:52] [Server thread/INFO]: jul1ansc[/10.123.88.65:55081] logged in with entity id 10 at (-79.5, 80.0, -70.5)
[15:42:52] [Server thread/INFO]: jul1ansc joined the game
[15:44:48] [Server thread/INFO]: Set the time to 1000
[15:45:22] [Server thread/INFO]: jul1ansc lost connection: Timed out
[15:45:22] [Server thread/INFO]: jul1ansc left the game
[15:45:22] [Server thread/WARN]: handleDisconnection() called twice
[15:45:29] [User Authenticator #2/INFO]: UUID of player jul1ansc is 9a99325e-ca1a-4ae8-a7ba-84b39f8d2a09
[15:45:31] [Server thread/INFO]: jul1ansc[/10.123.88.65:55442] logged in with entity id 1483 at (-95.89257138469942, 110.0, -469.5942703724301)
[15:45:31] [Server thread/INFO]: jul1ansc joined the game
[15:49:33] [Server thread/INFO]: The difficulty has been set to Peaceful
[15:50:46] [Server thread/INFO]: jul1ansc lost connection: Timed out
[15:50:46] [Server thread/INFO]: jul1ansc left the game
[15:50:46] [Server thread/WARN]: handleDisconnection() called twice
[15:50:52] [User Authenticator #3/INFO]: UUID of player jul1ansc is 9a99325e-ca1a-4ae8-a7ba-84b39f8d2a09
[15:50:54] [Server thread/INFO]: jul1ansc[/10.123.88.65:56293] logged in with entity id 2917 at (-63.440018183997196, 80.41999998688698, -474.2714227766913)
[15:50:54] [Server thread/INFO]: jul1ansc joined the game
[15:51:00] [Server thread/WARN]: jul1ansc moved too quickly! -8.06837899174721,-1.9031272476744903,-5.725222126468623
